<?xml version="1.0" encoding="UTF-8"?>
<testng-results skipped="0" failed="0" ignored="0" total="1" passed="1">
  <reporter-output>
  </reporter-output>
  <suite name="Suite" duration-ms="31003" started-at="2019-04-25T12:10:39Z" finished-at="2019-04-25T12:11:10Z">
    <groups>
    </groups>
    <test name="Test" duration-ms="31003" started-at="2019-04-25T12:10:39Z" finished-at="2019-04-25T12:11:10Z">
      <class name="Jenkin.PieChart">
        <test-method status="PASS" signature="t2()[pri:0, instance:Jenkin.PieChart@174d20a]" name="t2" duration-ms="30978" started-at="2019-04-25T12:10:39Z" finished-at="2019-04-25T12:11:10Z">
          <reporter-output>
          </reporter-output>
        </test-method> <!-- t2 -->
      </class> <!-- Jenkin.PieChart -->
    </test> <!-- Test -->
  </suite> <!-- Suite -->
</testng-results>
